<?xml version="1.0" encoding="UTF-8"?>
<!-- Generated by org.testng.reporters.JUnitReportReporter -->
<testsuite hostname="LAPTOP-SRF3M19I" failures="0" tests="1" name="selenium.gmail" time="5.102" errors="0" timestamp="30 Nov 2020 09:43:10 GMT" skipped="0">
  <testcase classname="selenium.gmail" name="f" time="5.102"/>
</testsuite> <!-- selenium.gmail -->
